<?xml version="1.0" encoding="UTF-8"?>
<testng-results total="1" passed="1" failed="0" skipped="0">
  <reporter-output>
  </reporter-output>
  <suite started-at="2021-09-14T23:03:38Z" name="Suite" finished-at="2021-09-14T23:03:54Z" duration-ms="16322">
    <groups>
    </groups>
    <test started-at="2021-09-14T23:03:38Z" name="Test" finished-at="2021-09-14T23:03:54Z" duration-ms="16322">
      <class name="testCases.FileUploadDemoMethode2">
        <test-method is-config="true" signature="setup()[pri:0, instance:testCases.FileUploadDemoMethode2@404bbcbd]" started-at="2021-09-15T00:03:38Z" name="setup" finished-at="2021-09-15T00:03:49Z" duration-ms="10845" status="PASS">
          <reporter-output>
          </reporter-output>
        </test-method> <!-- setup -->
        <test-method signature="robotTest()[pri:0, instance:testCases.FileUploadDemoMethode2@404bbcbd]" started-at="2021-09-15T00:03:49Z" name="robotTest" finished-at="2021-09-15T00:03:53Z" duration-ms="3886" status="PASS">
          <reporter-output>
          </reporter-output>
        </test-method> <!-- robotTest -->
        <test-method is-config="true" signature="tearDown()[pri:0, instance:testCases.FileUploadDemoMethode2@404bbcbd]" started-at="2021-09-15T00:03:53Z" name="tearDown" finished-at="2021-09-15T00:03:54Z" duration-ms="1577" status="PASS">
          <reporter-output>
          </reporter-output>
        </test-method> <!-- tearDown -->
      </class> <!-- testCases.FileUploadDemoMethode2 -->
    </test> <!-- Test -->
  </suite> <!-- Suite -->
</testng-results>
